# JRE version: OpenJDK Runtime Environment (8.0_242-b01) (build 1.8.0_242-release-1644-b01)
# Java VM: OpenJDK 64-Bit Server VM (25.242-b01 mixed mode windows-amd64 compressed oops)
Heap:
 PSYoungGen      total 357888K, used 182252K [0x00000000d5580000, 0x00000000f0980000, 0x0000000100000000)
  eden space 318976K, 51% used [0x00000000d5580000,0x00000000df6d9c30,0x00000000e8d00000)
  from space 38912K, 43% used [0x00000000e8d00000,0x00000000e9da1490,0x00000000eb300000)
  to   space 36864K, 0% used [0x00000000ee580000,0x00000000ee580000,0x00000000f0980000)
 ParOldGen       total 324608K, used 82040K [0x0000000080000000, 0x0000000093d00000, 0x00000000d5580000)
  object space 324608K, 25% used [0x0000000080000000,0x000000008501e1d8,0x0000000093d00000)
 Metaspace       used 114928K, capacity 121576K, committed 121804K, reserved 1155072K
  class space    used 14988K, capacity 16288K, committed 16372K, reserved 1048576K
GC Heap History (10 events):
Event: 39.703 GC heap before
{Heap before GC invocations=17 (full 3):
 PSYoungGen      total 251904K, used 97114K [0x00000000d5580000, 0x00000000e9880000, 0x0000000100000000)
  eden space 225280K, 31% used [0x00000000d5580000,0x00000000d9a5aa60,0x00000000e3180000)
  from space 26624K, 99% used [0x00000000e3180000,0x00000000e4b7bf78,0x00000000e4b80000)
  to   space 34816K, 0% used [0x00000000e7680000,0x00000000e7680000,0x00000000e9880000)
 ParOldGen       total 214528K, used 52200K [0x0000000080000000, 0x000000008d180000, 0x00000000d5580000)
  object space 214528K, 24% used [0x0000000080000000,0x00000000832fa3b0,0x000000008d180000)
 Metaspace       used 92743K, capacity 98218K, committed 98380K, reserved 1134592K
  class space    used 12252K, capacity 13332K, committed 13428K, reserved 1048576K
Event: 39.725 GC heap after
Heap after GC invocations=17 (full 3):
 PSYoungGen      total 297472K, used 15521K [0x00000000d5580000, 0x00000000ea200000, 0x0000000100000000)
  eden space 262656K, 0% used [0x00000000d5580000,0x00000000d5580000,0x00000000e5600000)
  from space 34816K, 44% used [0x00000000e7680000,0x00000000e85a8610,0x00000000e9880000)
  to   space 33280K, 0% used [0x00000000e5600000,0x00000000e5600000,0x00000000e7680000)
 ParOldGen       total 214528K, used 74549K [0x0000000080000000, 0x000000008d180000, 0x00000000d5580000)
  object space 214528K, 34% used [0x0000000080000000,0x00000000848cd5d8,0x000000008d180000)
 Metaspace       used 92743K, capacity 98218K, committed 98380K, reserved 1134592K
  class space    used 12252K, capacity 13332K, committed 13428K, reserved 1048576K
}
Event: 39.725 GC heap before
{Heap before GC invocations=18 (full 4):
 PSYoungGen      total 297472K, used 15521K [0x00000000d5580000, 0x00000000ea200000, 0x0000000100000000)
  eden space 262656K, 0% used [0x00000000d5580000,0x00000000d5580000,0x00000000e5600000)
  from space 34816K, 44% used [0x00000000e7680000,0x00000000e85a8610,0x00000000e9880000)
  to   space 33280K, 0% used [0x00000000e5600000,0x00000000e5600000,0x00000000e7680000)
 ParOldGen       total 214528K, used 74549K [0x0000000080000000, 0x000000008d180000, 0x00000000d5580000)
  object space 214528K, 34% used [0x0000000080000000,0x00000000848cd5d8,0x000000008d180000)
 Metaspace       used 92743K, capacity 98218K, committed 98380K, reserved 1134592K
  class space    used 12252K, capacity 13332K, committed 13428K, reserved 1048576K
Event: 39.911 GC heap after
Heap after GC invocations=18 (full 4):
 PSYoungGen      total 297472K, used 0K [0x00000000d5580000, 0x00000000ea200000, 0x0000000100000000)
  eden space 262656K, 0% used [0x00000000d5580000,0x00000000d5580000,0x00000000e5600000)
  from space 34816K, 0% used [0x00000000e7680000,0x00000000e7680000,0x00000000e9880000)
  to   space 33280K, 0% used [0x00000000e5600000,0x00000000e5600000,0x00000000e7680000)
 ParOldGen       total 324608K, used 68135K [0x0000000080000000, 0x0000000093d00000, 0x00000000d5580000)
  object space 324608K, 20% used [0x0000000080000000,0x0000000084289c00,0x0000000093d00000)
 Metaspace       used 92101K, capacity 96328K, committed 98380K, reserved 1134592K
  class space    used 12045K, capacity 12965K, committed 13428K, reserved 1048576K
}
Event: 43.587 GC heap before
{Heap before GC invocations=19 (full 4):
 PSYoungGen      total 297472K, used 262656K [0x00000000d5580000, 0x00000000ea200000, 0x0000000100000000)
  eden space 262656K, 100% used [0x00000000d5580000,0x00000000e5600000,0x00000000e5600000)
  from space 34816K, 0% used [0x00000000e7680000,0x00000000e7680000,0x00000000e9880000)
  to   space 33280K, 0% used [0x00000000e5600000,0x00000000e5600000,0x00000000e7680000)
 ParOldGen       total 324608K, used 68135K [0x0000000080000000, 0x0000000093d00000, 0x00000000d5580000)
  object space 324608K, 20% used [0x0000000080000000,0x0000000084289c00,0x0000000093d00000)
 Metaspace       used 99158K, capacity 103866K, committed 105036K, reserved 1140736K
  class space    used 12971K, capacity 13960K, committed 14196K, reserved 1048576K
Event: 43.624 GC heap after
Heap after GC invocations=19 (full 4):
 PSYoungGen      total 295936K, used 33263K [0x00000000d5580000, 0x00000000edf00000, 0x0000000100000000)
  eden space 262656K, 0% used [0x00000000d5580000,0x00000000d5580000,0x00000000e5600000)
  from space 33280K, 99% used [0x00000000e5600000,0x00000000e767be70,0x00000000e7680000)
  to   space 39424K, 0% used [0x00000000eb880000,0x00000000eb880000,0x00000000edf00000)
 ParOldGen       total 324608K, used 71532K [0x0000000080000000, 0x0000000093d00000, 0x00000000d5580000)
  object space 324608K, 22% used [0x0000000080000000,0x00000000845db150,0x0000000093d00000)
 Metaspace       used 99158K, capacity 103866K, committed 105036K, reserved 1140736K
  class space    used 12971K, capacity 13960K, committed 14196K, reserved 1048576K
}
Event: 46.832 GC heap before
{Heap before GC invocations=20 (full 4):
 PSYoungGen      total 295936K, used 295919K [0x00000000d5580000, 0x00000000edf00000, 0x0000000100000000)
  eden space 262656K, 100% used [0x00000000d5580000,0x00000000e5600000,0x00000000e5600000)
  from space 33280K, 99% used [0x00000000e5600000,0x00000000e767be70,0x00000000e7680000)
  to   space 39424K, 0% used [0x00000000eb880000,0x00000000eb880000,0x00000000edf00000)
 ParOldGen       total 324608K, used 71532K [0x0000000080000000, 0x0000000093d00000, 0x00000000d5580000)
  object space 324608K, 22% used [0x0000000080000000,0x00000000845db150,0x0000000093d00000)
 Metaspace       used 103844K, capacity 109168K, committed 109516K, reserved 1144832K
  class space    used 13652K, capacity 14725K, committed 14836K, reserved 1048576K
Event: 46.849 GC heap after
Heap after GC invocations=20 (full 4):
 PSYoungGen      total 352256K, used 6099K [0x00000000d5580000, 0x00000000ed900000, 0x0000000100000000)
  eden space 318976K, 0% used [0x00000000d5580000,0x00000000d5580000,0x00000000e8d00000)
  from space 33280K, 18% used [0x00000000eb880000,0x00000000ebe74d08,0x00000000ed900000)
  to   space 38912K, 0% used [0x00000000e8d00000,0x00000000e8d00000,0x00000000eb300000)
 ParOldGen       total 324608K, used 82024K [0x0000000080000000, 0x0000000093d00000, 0x00000000d5580000)
  object space 324608K, 25% used [0x0000000080000000,0x000000008501a1d8,0x0000000093d00000)
 Metaspace       used 103844K, capacity 109168K, committed 109516K, reserved 1144832K
  class space    used 13652K, capacity 14725K, committed 14836K, reserved 1048576K
}
Event: 50.188 GC heap before
{Heap before GC invocations=21 (full 4):
 PSYoungGen      total 352256K, used 325075K [0x00000000d5580000, 0x00000000ed900000, 0x0000000100000000)
  eden space 318976K, 100% used [0x00000000d5580000,0x00000000e8d00000,0x00000000e8d00000)
  from space 33280K, 18% used [0x00000000eb880000,0x00000000ebe74d08,0x00000000ed900000)
  to   space 38912K, 0% used [0x00000000e8d00000,0x00000000e8d00000,0x00000000eb300000)
 ParOldGen       total 324608K, used 82024K [0x0000000080000000, 0x0000000093d00000, 0x00000000d5580000)
  object space 324608K, 25% used [0x0000000080000000,0x000000008501a1d8,0x0000000093d00000)
 Metaspace       used 114736K, capacity 121362K, committed 121548K, reserved 1155072K
  class space    used 14967K, capacity 16249K, committed 16372K, reserved 1048576K
Event: 50.264 GC heap after
Heap after GC invocations=21 (full 4):
 PSYoungGen      total 357888K, used 17029K [0x00000000d5580000, 0x00000000f0980000, 0x0000000100000000)
  eden space 318976K, 0% used [0x00000000d5580000,0x00000000d5580000,0x00000000e8d00000)
  from space 38912K, 43% used [0x00000000e8d00000,0x00000000e9da1490,0x00000000eb300000)
  to   space 36864K, 0% used [0x00000000ee580000,0x00000000ee580000,0x00000000f0980000)
 ParOldGen       total 324608K, used 82040K [0x0000000080000000, 0x0000000093d00000, 0x00000000d5580000)
  object space 324608K, 25% used [0x0000000080000000,0x000000008501e1d8,0x0000000093d00000)
 Metaspace       used 114736K, capacity 121362K, committed 121548K, reserved 1155072K
  class space    used 14967K, capacity 16249K, committed 16372K, reserved 1048576K
}

