# JRE version: OpenJDK Runtime Environment (8.0_242-b01) (build 1.8.0_242-release-1644-b01)
# Java VM: OpenJDK 64-Bit Server VM (25.242-b01 mixed mode windows-amd64 compressed oops)
Heap:
 PSYoungGen      total 122368K, used 73959K [0x00000000d5580000, 0x00000000dd880000, 0x0000000100000000)
  eden space 110592K, 66% used [0x00000000d5580000,0x00000000d9db9d50,0x00000000dc180000)
  from space 11776K, 0% used [0x00000000dc180000,0x00000000dc180000,0x00000000dcd00000)
  to   space 11776K, 0% used [0x00000000dcd00000,0x00000000dcd00000,0x00000000dd880000)
 ParOldGen       total 128000K, used 14797K [0x0000000080000000, 0x0000000087d00000, 0x00000000d5580000)
  object space 128000K, 11% used [0x0000000080000000,0x0000000080e734a8,0x0000000087d00000)
 Metaspace       used 36517K, capacity 38148K, committed 38400K, reserved 1083392K
  class space    used 4999K, capacity 5315K, committed 5376K, reserved 1048576K
GC Heap History (10 events):
Event: 5.475 GC heap before
{Heap before GC invocations=5 (full 1):
 PSYoungGen      total 73728K, used 8179K [0x00000000d5580000, 0x00000000da780000, 0x0000000100000000)
  eden space 63488K, 0% used [0x00000000d5580000,0x00000000d5580000,0x00000000d9380000)
  from space 10240K, 79% used [0x00000000d9d80000,0x00000000da57cd18,0x00000000da780000)
  to   space 10240K, 0% used [0x00000000d9380000,0x00000000d9380000,0x00000000d9d80000)
 ParOldGen       total 167936K, used 1658K [0x0000000080000000, 0x000000008a400000, 0x00000000d5580000)
  object space 167936K, 0% used [0x0000000080000000,0x000000008019e8c0,0x000000008a400000)
 Metaspace       used 20469K, capacity 21204K, committed 21248K, reserved 1067008K
  class space    used 2841K, capacity 3048K, committed 3072K, reserved 1048576K
Event: 5.502 GC heap after
Heap after GC invocations=5 (full 1):
 PSYoungGen      total 73728K, used 0K [0x00000000d5580000, 0x00000000da780000, 0x0000000100000000)
  eden space 63488K, 0% used [0x00000000d5580000,0x00000000d5580000,0x00000000d9380000)
  from space 10240K, 0% used [0x00000000d9d80000,0x00000000d9d80000,0x00000000da780000)
  to   space 10240K, 0% used [0x00000000d9380000,0x00000000d9380000,0x00000000d9d80000)
 ParOldGen       total 88064K, used 7832K [0x0000000080000000, 0x0000000085600000, 0x00000000d5580000)
  object space 88064K, 8% used [0x0000000080000000,0x00000000807a61c0,0x0000000085600000)
 Metaspace       used 20469K, capacity 21204K, committed 21248K, reserved 1067008K
  class space    used 2841K, capacity 3048K, committed 3072K, reserved 1048576K
}
Event: 6.344 GC heap before
{Heap before GC invocations=6 (full 1):
 PSYoungGen      total 73728K, used 63488K [0x00000000d5580000, 0x00000000da780000, 0x0000000100000000)
  eden space 63488K, 100% used [0x00000000d5580000,0x00000000d9380000,0x00000000d9380000)
  from space 10240K, 0% used [0x00000000d9d80000,0x00000000d9d80000,0x00000000da780000)
  to   space 10240K, 0% used [0x00000000d9380000,0x00000000d9380000,0x00000000d9d80000)
 ParOldGen       total 88064K, used 7832K [0x0000000080000000, 0x0000000085600000, 0x00000000d5580000)
  object space 88064K, 8% used [0x0000000080000000,0x00000000807a61c0,0x0000000085600000)
 Metaspace       used 28004K, capacity 28862K, committed 28928K, reserved 1075200K
  class space    used 3834K, capacity 4067K, committed 4096K, reserved 1048576K
Event: 6.350 GC heap after
Heap after GC invocations=6 (full 1):
 PSYoungGen      total 73728K, used 7934K [0x00000000d5580000, 0x00000000dd880000, 0x0000000100000000)
  eden space 63488K, 0% used [0x00000000d5580000,0x00000000d5580000,0x00000000d9380000)
  from space 10240K, 77% used [0x00000000d9380000,0x00000000d9b3f948,0x00000000d9d80000)
  to   space 11776K, 0% used [0x00000000dcd00000,0x00000000dcd00000,0x00000000dd880000)
 ParOldGen       total 88064K, used 7840K [0x0000000080000000, 0x0000000085600000, 0x00000000d5580000)
  object space 88064K, 8% used [0x0000000080000000,0x00000000807a81c0,0x0000000085600000)
 Metaspace       used 28004K, capacity 28862K, committed 28928K, reserved 1075200K
  class space    used 3834K, capacity 4067K, committed 4096K, reserved 1048576K
}
Event: 6.984 GC heap before
{Heap before GC invocations=7 (full 1):
 PSYoungGen      total 73728K, used 71422K [0x00000000d5580000, 0x00000000dd880000, 0x0000000100000000)
  eden space 63488K, 100% used [0x00000000d5580000,0x00000000d9380000,0x00000000d9380000)
  from space 10240K, 77% used [0x00000000d9380000,0x00000000d9b3f948,0x00000000d9d80000)
  to   space 11776K, 0% used [0x00000000dcd00000,0x00000000dcd00000,0x00000000dd880000)
 ParOldGen       total 88064K, used 7840K [0x0000000080000000, 0x0000000085600000, 0x00000000d5580000)
  object space 88064K, 8% used [0x0000000080000000,0x00000000807a81c0,0x0000000085600000)
 Metaspace       used 32714K, capacity 33782K, committed 33920K, reserved 1079296K
  class space    used 4447K, capacity 4723K, committed 4736K, reserved 1048576K
Event: 6.992 GC heap after
Heap after GC invocations=7 (full 1):
 PSYoungGen      total 122368K, used 9393K [0x00000000d5580000, 0x00000000dd880000, 0x0000000100000000)
  eden space 110592K, 0% used [0x00000000d5580000,0x00000000d5580000,0x00000000dc180000)
  from space 11776K, 79% used [0x00000000dcd00000,0x00000000dd62c500,0x00000000dd880000)
  to   space 11776K, 0% used [0x00000000dc180000,0x00000000dc180000,0x00000000dcd00000)
 ParOldGen       total 88064K, used 7848K [0x0000000080000000, 0x0000000085600000, 0x00000000d5580000)
  object space 88064K, 8% used [0x0000000080000000,0x00000000807aa1c0,0x0000000085600000)
 Metaspace       used 32714K, capacity 33782K, committed 33920K, reserved 1079296K
  class space    used 4447K, capacity 4723K, committed 4736K, reserved 1048576K
}
Event: 7.223 GC heap before
{Heap before GC invocations=8 (full 1):
 PSYoungGen      total 122368K, used 44728K [0x00000000d5580000, 0x00000000dd880000, 0x0000000100000000)
  eden space 110592K, 31% used [0x00000000d5580000,0x00000000d7801cb0,0x00000000dc180000)
  from space 11776K, 79% used [0x00000000dcd00000,0x00000000dd62c500,0x00000000dd880000)
  to   space 11776K, 0% used [0x00000000dc180000,0x00000000dc180000,0x00000000dcd00000)
 ParOldGen       total 88064K, used 7848K [0x0000000080000000, 0x0000000085600000, 0x00000000d5580000)
  object space 88064K, 8% used [0x0000000080000000,0x00000000807aa1c0,0x0000000085600000)
 Metaspace       used 34242K, capacity 35392K, committed 35416K, reserved 1079296K
  class space    used 4705K, capacity 4973K, committed 4992K, reserved 1048576K
Event: 7.230 GC heap after
Heap after GC invocations=8 (full 1):
 PSYoungGen      total 122368K, used 8260K [0x00000000d5580000, 0x00000000dd880000, 0x0000000100000000)
  eden space 110592K, 0% used [0x00000000d5580000,0x00000000d5580000,0x00000000dc180000)
  from space 11776K, 70% used [0x00000000dc180000,0x00000000dc9911f0,0x00000000dcd00000)
  to   space 11776K, 0% used [0x00000000dcd00000,0x00000000dcd00000,0x00000000dd880000)
 ParOldGen       total 88064K, used 7856K [0x0000000080000000, 0x0000000085600000, 0x00000000d5580000)
  object space 88064K, 8% used [0x0000000080000000,0x00000000807ac1c0,0x0000000085600000)
 Metaspace       used 34242K, capacity 35392K, committed 35416K, reserved 1079296K
  class space    used 4705K, capacity 4973K, committed 4992K, reserved 1048576K
}
Event: 7.230 GC heap before
{Heap before GC invocations=9 (full 2):
 PSYoungGen      total 122368K, used 8260K [0x00000000d5580000, 0x00000000dd880000, 0x0000000100000000)
  eden space 110592K, 0% used [0x00000000d5580000,0x00000000d5580000,0x00000000dc180000)
  from space 11776K, 70% used [0x00000000dc180000,0x00000000dc9911f0,0x00000000dcd00000)
  to   space 11776K, 0% used [0x00000000dcd00000,0x00000000dcd00000,0x00000000dd880000)
 ParOldGen       total 88064K, used 7856K [0x0000000080000000, 0x0000000085600000, 0x00000000d5580000)
  object space 88064K, 8% used [0x0000000080000000,0x00000000807ac1c0,0x0000000085600000)
 Metaspace       used 34242K, capacity 35392K, committed 35416K, reserved 1079296K
  class space    used 4705K, capacity 4973K, committed 4992K, reserved 1048576K
Event: 7.263 GC heap after
Heap after GC invocations=9 (full 2):
 PSYoungGen      total 122368K, used 0K [0x00000000d5580000, 0x00000000dd880000, 0x0000000100000000)
  eden space 110592K, 0% used [0x00000000d5580000,0x00000000d5580000,0x00000000dc180000)
  from space 11776K, 0% used [0x00000000dc180000,0x00000000dc180000,0x00000000dcd00000)
  to   space 11776K, 0% used [0x00000000dcd00000,0x00000000dcd00000,0x00000000dd880000)
 ParOldGen       total 128000K, used 14797K [0x0000000080000000, 0x0000000087d00000, 0x00000000d5580000)
  object space 128000K, 11% used [0x0000000080000000,0x0000000080e734a8,0x0000000087d00000)
 Metaspace       used 34242K, capacity 35392K, committed 35416K, reserved 1079296K
  class space    used 4705K, capacity 4973K, committed 4992K, reserved 1048576K
}

